This is pdfTeX, Version 3.141592653-2.6-1.40.24 (MiKTeX 23.1) (preloaded format=pdflatex 2023.3.10)  28 MAR 2023 18:07
entering extended mode
 restricted \write18 enabled.
 %&-line parsing enabled.
**./document.tex
(document.tex
LaTeX2e <2022-11-01> patch level 1
L3 programming layer <2023-02-07>
(C:\Users\Luca\AppData\Local\Programs\MiKTeX\tex/latex/base\article.cls
Document Class: article 2022/07/02 v1.4n Standard LaTeX document class
(C:\Users\Luca\AppData\Local\Programs\MiKTeX\tex/latex/base\size10.clo
File: size10.clo 2022/07/02 v1.4n Standard LaTeX file (size option)
)
\c@part=\count185
\c@section=\count186
\c@subsection=\count187
\c@subsubsection=\count188
\c@paragraph=\count189
\c@subparagraph=\count190
\c@figure=\count191
\c@table=\count192
\abovecaptionskip=\skip48
\belowcaptionskip=\skip49
\bibindent=\dimen140
)
(C:\Users\Luca\AppData\Local\Programs\MiKTeX\tex/latex/graphics\graphicx.sty
Package: graphicx 2021/09/16 v1.2d Enhanced LaTeX Graphics (DPC,SPQR)

(C:\Users\Luca\AppData\Local\Programs\MiKTeX\tex/latex/graphics\keyval.sty
Package: keyval 2022/05/29 v1.15 key=value parser (DPC)
\KV@toks@=\toks16
)
(C:\Users\Luca\AppData\Local\Programs\MiKTeX\tex/latex/graphics\graphics.sty
Package: graphics 2022/03/10 v1.4e Standard LaTeX Graphics (DPC,SPQR)

(C:\Users\Luca\AppData\Local\Programs\MiKTeX\tex/latex/graphics\trig.sty
Package: trig 2021/08/11 v1.11 sin cos tan (DPC)
)
(C:\Users\Luca\AppData\Local\Programs\MiKTeX\tex/latex/graphics-cfg\graphics.cf
g
File: graphics.cfg 2016/06/04 v1.11 sample graphics configuration
)
Package graphics Info: Driver file: pdftex.def on input line 107.

(C:\Users\Luca\AppData\Local\Programs\MiKTeX\tex/latex/graphics-def\pdftex.def
File: pdftex.def 2022/09/22 v1.2b Graphics/color driver for pdftex
))
\Gin@req@height=\dimen141
\Gin@req@width=\dimen142
) (C:\Users\Luca\AppData\Local\Programs\MiKTeX\tex/latex/hyperref\hyperref.sty
Package: hyperref 2023-02-07 v7.00v Hypertext links for LaTeX
(C:\Users\Luca\AppData\Local\Programs\MiKTeX\tex/generic/ltxcmds\ltxcmds.sty
Package: ltxcmds 2020-05-10 v1.25 LaTeX kernel commands for general use (HO)
)
(C:\Users\Luca\AppData\Local\Programs\MiKTeX\tex/generic/iftex\iftex.sty
Package: iftex 2022/02/03 v1.0f TeX engine tests
)
(C:\Users\Luca\AppData\Local\Programs\MiKTeX\tex/generic/pdftexcmds\pdftexcmds.
sty
Package: pdftexcmds 2020-06-27 v0.33 Utility functions of pdfTeX for LuaTeX (HO
)

(C:\Users\Luca\AppData\Local\Programs\MiKTeX\tex/generic/infwarerr\infwarerr.st
y
Package: infwarerr 2019/12/03 v1.5 Providing info/warning/error messages (HO)
)
Package pdftexcmds Info: \pdf@primitive is available.
Package pdftexcmds Info: \pdf@ifprimitive is available.
Package pdftexcmds Info: \pdfdraftmode found.
)
(C:\Users\Luca\AppData\Local\Programs\MiKTeX\tex/latex/kvsetkeys\kvsetkeys.sty
Package: kvsetkeys 2022-10-05 v1.19 Key value parser (HO)
)
(C:\Users\Luca\AppData\Local\Programs\MiKTeX\tex/generic/kvdefinekeys\kvdefinek
eys.sty
Package: kvdefinekeys 2019-12-19 v1.6 Define keys (HO)
)
(C:\Users\Luca\AppData\Local\Programs\MiKTeX\tex/generic/pdfescape\pdfescape.st
y
Package: pdfescape 2019/12/09 v1.15 Implements pdfTeX's escape features (HO)
) (C:\Users\Luca\AppData\Local\Programs\MiKTeX\tex/latex/hycolor\hycolor.sty
Package: hycolor 2020-01-27 v1.10 Color options for hyperref/bookmark (HO)
)
(C:\Users\Luca\AppData\Local\Programs\MiKTeX\tex/latex/letltxmacro\letltxmacro.
sty
Package: letltxmacro 2019/12/03 v1.6 Let assignment for LaTeX macros (HO)
) (C:\Users\Luca\AppData\Local\Programs\MiKTeX\tex/latex/auxhook\auxhook.sty
Package: auxhook 2019-12-17 v1.6 Hooks for auxiliary files (HO)
) (C:\Users\Luca\AppData\Local\Programs\MiKTeX\tex/latex/hyperref\nameref.sty
Package: nameref 2022-05-17 v2.50 Cross-referencing by name of section

(C:\Users\Luca\AppData\Local\Programs\MiKTeX\tex/latex/refcount\refcount.sty
Package: refcount 2019/12/15 v3.6 Data extraction from label references (HO)
)
(C:\Users\Luca\AppData\Local\Programs\MiKTeX\tex/generic/gettitlestring\gettitl
estring.sty
Package: gettitlestring 2019/12/15 v1.6 Cleanup title references (HO)

(C:\Users\Luca\AppData\Local\Programs\MiKTeX\tex/latex/kvoptions\kvoptions.sty
Package: kvoptions 2022-06-15 v3.15 Key value format for package options (HO)
))
\c@section@level=\count193
)
\@linkdim=\dimen143
\Hy@linkcounter=\count194
\Hy@pagecounter=\count195
 (C:\Users\Luca\AppData\Local\Programs\MiKTeX\tex/latex/hyperref\pd1enc.def
File: pd1enc.def 2023-02-07 v7.00v Hyperref: PDFDocEncoding definition (HO)
Now handling font encoding PD1 ...
... no UTF-8 mapping file for font encoding PD1
)
(C:\Users\Luca\AppData\Local\Programs\MiKTeX\tex/generic/intcalc\intcalc.sty
Package: intcalc 2019/12/15 v1.3 Expandable calculations with integers (HO)
)
(C:\Users\Luca\AppData\Local\Programs\MiKTeX\tex/generic/etexcmds\etexcmds.sty
Package: etexcmds 2019/12/15 v1.7 Avoid name clashes with e-TeX commands (HO)
)
\Hy@SavedSpaceFactor=\count196
(C:\Users\Luca\AppData\Local\Programs\MiKTeX\tex/latex/hyperref\puenc.def
File: puenc.def 2023-02-07 v7.00v Hyperref: PDF Unicode definition (HO)
Now handling font encoding PU ...
... no UTF-8 mapping file for font encoding PU
)
Package hyperref Info: Hyper figures OFF on input line 4177.
Package hyperref Info: Link nesting OFF on input line 4182.
Package hyperref Info: Hyper index ON on input line 4185.
Package hyperref Info: Plain pages OFF on input line 4192.
Package hyperref Info: Backreferencing OFF on input line 4197.
Package hyperref Info: Implicit mode ON; LaTeX internals redefined.
Package hyperref Info: Bookmarks ON on input line 4425.
\c@Hy@tempcnt=\count197

(C:\Users\Luca\AppData\Local\Programs\MiKTeX\tex/latex/url\url.sty
\Urlmuskip=\muskip16
Package: url 2013/09/16  ver 3.4  Verb mode for urls, etc.
)
LaTeX Info: Redefining \url on input line 4763.
\XeTeXLinkMargin=\dimen144

(C:\Users\Luca\AppData\Local\Programs\MiKTeX\tex/generic/bitset\bitset.sty
Package: bitset 2019/12/09 v1.3 Handle bit-vector datatype (HO)

(C:\Users\Luca\AppData\Local\Programs\MiKTeX\tex/generic/bigintcalc\bigintcalc.
sty
Package: bigintcalc 2019/12/15 v1.5 Expandable calculations on big integers (HO
)
))
\Fld@menulength=\count198
\Field@Width=\dimen145
\Fld@charsize=\dimen146
Package hyperref Info: Hyper figures OFF on input line 6042.
Package hyperref Info: Link nesting OFF on input line 6047.
Package hyperref Info: Hyper index ON on input line 6050.
Package hyperref Info: backreferencing OFF on input line 6057.
Package hyperref Info: Link coloring OFF on input line 6062.
Package hyperref Info: Link coloring with OCG OFF on input line 6067.
Package hyperref Info: PDF/A mode OFF on input line 6072.

(C:\Users\Luca\AppData\Local\Programs\MiKTeX\tex/latex/base\atbegshi-ltx.sty
Package: atbegshi-ltx 2021/01/10 v1.0c Emulation of the original atbegshi
package with kernel methods
)
\Hy@abspage=\count199
\c@Item=\count266
\c@Hfootnote=\count267
)
Package hyperref Info: Driver (autodetected): hpdftex.

(C:\Users\Luca\AppData\Local\Programs\MiKTeX\tex/latex/hyperref\hpdftex.def
File: hpdftex.def 2023-02-07 v7.00v Hyperref driver for pdfTeX

(C:\Users\Luca\AppData\Local\Programs\MiKTeX\tex/latex/base\atveryend-ltx.sty
Package: atveryend-ltx 2020/08/19 v1.0a Emulation of the original atveryend pac
kage
with kernel methods
)
\Fld@listcount=\count268
\c@bookmark@seq@number=\count269

(C:\Users\Luca\AppData\Local\Programs\MiKTeX\tex/latex/rerunfilecheck\rerunfile
check.sty
Package: rerunfilecheck 2022-07-10 v1.10 Rerun checks for auxiliary files (HO)

(C:\Users\Luca\AppData\Local\Programs\MiKTeX\tex/generic/uniquecounter\uniqueco
unter.sty
Package: uniquecounter 2019/12/15 v1.4 Provide unlimited unique counter (HO)
)
Package uniquecounter Info: New unique counter `rerunfilecheck' on input line 2
85.
)
\Hy@SectionHShift=\skip50
)
(C:\Users\Luca\AppData\Local\Programs\MiKTeX\tex/latex/float\float.sty
Package: float 2001/11/08 v1.3d Float enhancements (AL)
\c@float@type=\count270
\float@exts=\toks17
\float@box=\box51
\@float@everytoks=\toks18
\@floatcapt=\box52
)
(C:\Users\Luca\AppData\Local\Programs\MiKTeX\tex/latex/base\inputenc.sty
Package: inputenc 2021/02/14 v1.3d Input encoding file
\inpenc@prehook=\toks19
\inpenc@posthook=\toks20
)
(C:\Users\Luca\AppData\Local\Programs\MiKTeX\tex/latex/base\fontenc.sty
Package: fontenc 2021/04/29 v2.0v Standard LaTeX package
)
(C:\Users\Luca\AppData\Local\Programs\MiKTeX\tex/latex/cite\cite.sty
LaTeX Info: Redefining \cite on input line 302.
LaTeX Info: Redefining \nocite on input line 332.
Package: cite 2015/02/27  v 5.5
)
(C:\Users\Luca\AppData\Local\Programs\MiKTeX\tex/latex/l3backend\l3backend-pdft
ex.def
File: l3backend-pdftex.def 2023-01-16 L3 backend support: PDF output (pdfTeX)
\l__color_backend_stack_int=\count271
\l__pdf_internal_box=\box53
) (document.aux)
\openout1 = `document.aux'.

LaTeX Font Info:    Checking defaults for OML/cmm/m/it on input line 15.
LaTeX Font Info:    ... okay on input line 15.
LaTeX Font Info:    Checking defaults for OMS/cmsy/m/n on input line 15.
LaTeX Font Info:    ... okay on input line 15.
LaTeX Font Info:    Checking defaults for OT1/cmr/m/n on input line 15.
LaTeX Font Info:    ... okay on input line 15.
LaTeX Font Info:    Checking defaults for T1/cmr/m/n on input line 15.
LaTeX Font Info:    ... okay on input line 15.
LaTeX Font Info:    Checking defaults for TS1/cmr/m/n on input line 15.
LaTeX Font Info:    ... okay on input line 15.
LaTeX Font Info:    Checking defaults for OMX/cmex/m/n on input line 15.
LaTeX Font Info:    ... okay on input line 15.
LaTeX Font Info:    Checking defaults for U/cmr/m/n on input line 15.
LaTeX Font Info:    ... okay on input line 15.
LaTeX Font Info:    Checking defaults for PD1/pdf/m/n on input line 15.
LaTeX Font Info:    ... okay on input line 15.
LaTeX Font Info:    Checking defaults for PU/pdf/m/n on input line 15.
LaTeX Font Info:    ... okay on input line 15.

(C:\Users\Luca\AppData\Local\Programs\MiKTeX\tex/context/base/mkii\supp-pdf.mki
i
[Loading MPS to PDF converter (version 2006.09.02).]
\scratchcounter=\count272
\scratchdimen=\dimen147
\scratchbox=\box54
\nofMPsegments=\count273
\nofMParguments=\count274
\everyMPshowfont=\toks21
\MPscratchCnt=\count275
\MPscratchDim=\dimen148
\MPnumerator=\count276
\makeMPintoPDFobject=\count277
\everyMPtoPDFconversion=\toks22
)
(C:\Users\Luca\AppData\Local\Programs\MiKTeX\tex/latex/epstopdf-pkg\epstopdf-ba
se.sty
Package: epstopdf-base 2020-01-24 v2.11 Base part for package epstopdf
Package epstopdf-base Info: Redefining graphics rule for `.eps' on input line 4
85.

(C:\Users\Luca\AppData\Local\Programs\MiKTeX\tex/latex/00miktex\epstopdf-sys.cf
g
File: epstopdf-sys.cfg 2021/03/18 v2.0 Configuration of epstopdf for MiKTeX
))
Package hyperref Info: Link coloring OFF on input line 15.
 (document.out) (document.out)
\@outlinefile=\write3
\openout3 = `document.out'.

LaTeX Font Info:    External font `cmex10' loaded for size
(Font)              <12> on input line 18.
LaTeX Font Info:    External font `cmex10' loaded for size
(Font)              <8> on input line 18.
LaTeX Font Info:    External font `cmex10' loaded for size
(Font)              <6> on input line 18.
 (document.toc
LaTeX Font Info:    External font `cmex10' loaded for size
(Font)              <7> on input line 2.
LaTeX Font Info:    External font `cmex10' loaded for size
(Font)              <5> on input line 2.
)
\tf@toc=\write4
\openout4 = `document.toc'.

 [1

{C:/Users/Luca/AppData/Local/MiKTeX/fonts/map/pdftex/pdftex.map}] [2]
<image/pvs.jpg, id=135, 329.23pt x 250.9375pt>
File: image/pvs.jpg Graphic file (type jpg)
<use image/pvs.jpg>
Package pdftex.def Info: image/pvs.jpg  used on input line 44.
(pdftex.def)             Requested size: 241.49895pt x 184.075pt.


LaTeX Warning: `h' float specifier changed to `ht'.

[3] [4
pdfTeX warning (ext4): destination with the same identifier (name{figure.1}) ha
s been already used, duplicate ignored
<argument> ...shipout:D \box_use:N \l_shipout_box 
                                                  \__shipout_drop_firstpage_...
l.72 \newpage
              <./image/pvs.jpg>]
<image/patching.jpg, id=149, 327.2225pt x 154.5775pt>
File: image/patching.jpg Graphic file (type jpg)
<use image/patching.jpg>
Package pdftex.def Info: image/patching.jpg  used on input line 80.
(pdftex.def)             Requested size: 276.00105pt x 130.38197pt.
<image/penalizzazione ottica.jpg, id=151, 819.06pt x 658.46pt>
File: image/penalizzazione ottica.jpg Graphic file (type jpg)
<use image/penalizzazione ottica.jpg>
Package pdftex.def Info: image/penalizzazione ottica.jpg  used on input line 88
.
(pdftex.def)             Requested size: 241.49895pt x 194.14354pt.
 [5
pdfTeX warning (ext4): destination with the same identifier (name{figure.2}) ha
s been already used, duplicate ignored
<argument> ...shipout:D \box_use:N \l_shipout_box 
                                                  \__shipout_drop_firstpage_...
l.94     	\newpage
                  
pdfTeX warning (ext4): destination with the same identifier (name{figure.3}) ha
s been already used, duplicate ignored
<argument> ...shipout:D \box_use:N \l_shipout_box 
                                                  \__shipout_drop_firstpage_...
l.94     	\newpage
                   <./image/patching.jpg> <./image/penalizzazione ottica.jpg>]
[6]
<image/luminopia.jpg, id=165, 266.9975pt x 190.7125pt>
File: image/luminopia.jpg Graphic file (type jpg)
<use image/luminopia.jpg>
Package pdftex.def Info: image/luminopia.jpg  used on input line 101.
(pdftex.def)             Requested size: 241.49895pt x 172.50684pt.
<image/I_bit.jpg, id=168, 433.62pt x 289.08pt>
File: image/I_bit.jpg Graphic file (type jpg)
<use image/I_bit.jpg>
Package pdftex.def Info: image/I_bit.jpg  used on input line 108.
(pdftex.def)             Requested size: 241.49895pt x 161.00148pt.
 [7
pdfTeX warning (ext4): destination with the same identifier (name{figure.4}) ha
s been already used, duplicate ignored
<argument> ...shipout:D \box_use:N \l_shipout_box 
                                                  \__shipout_drop_firstpage_...
l.114 	
       
pdfTeX warning (ext4): destination with the same identifier (name{figure.5}) ha
s been already used, duplicate ignored
<argument> ...shipout:D \box_use:N \l_shipout_box 
                                                  \__shipout_drop_firstpage_...
l.114 	
        <./image/luminopia.jpg> <./image/I_bit.jpg>] [8] [9]
<image/cardboard.jpg, id=190, 1204.5pt x 633.36626pt>
File: image/cardboard.jpg Graphic file (type jpg)
<use image/cardboard.jpg>
Package pdftex.def Info: image/cardboard.jpg  used on input line 132.
(pdftex.def)             Requested size: 276.00105pt x 145.12996pt.
<image/3D4Amb_1.png, id=192, 889.82437pt x 405.76593pt>
File: image/3D4Amb_1.png Graphic file (type png)
<use image/3D4Amb_1.png>
Package pdftex.def Info: image/3D4Amb_1.png  used on input line 139.
(pdftex.def)             Requested size: 276.00105pt x 125.85423pt.
 [10
pdfTeX warning (ext4): destination with the same identifier (name{figure.6}) ha
s been already used, duplicate ignored
<argument> ...shipout:D \box_use:N \l_shipout_box 
                                                  \__shipout_drop_firstpage_...
l.144 
       <./image/cardboard.jpg>]
<image/3D4Amb_2.png, id=205, 1003.75pt x 501.875pt>
File: image/3D4Amb_2.png Graphic file (type png)
<use image/3D4Amb_2.png>
Package pdftex.def Info: image/3D4Amb_2.png  used on input line 148.
(pdftex.def)             Requested size: 276.00105pt x 137.9969pt.
<image/occhiali_anaglifici.png, id=208, 646.415pt x 411.5375pt>
File: image/occhiali_anaglifici.png Graphic file (type png)
<use image/occhiali_anaglifici.png>
Package pdftex.def Info: image/occhiali_anaglifici.png  used on input line 159.

(pdftex.def)             Requested size: 241.49895pt x 153.74846pt.
 [11
pdfTeX warning (ext4): destination with the same identifier (name{figure.7}) ha
s been already used, duplicate ignored
<argument> ...shipout:D \box_use:N \l_shipout_box 
                                                  \__shipout_drop_firstpage_...
l.163 	L
        e immagini sono distanti tra loro(generalmente 5,7 cm), con colori c...

pdfTeX warning (ext4): destination with the same identifier (name{figure.8}) ha
s been already used, duplicate ignored
<argument> ...shipout:D \box_use:N \l_shipout_box 
                                                  \__shipout_drop_firstpage_...
l.163 	L
        e immagini sono distanti tra loro(generalmente 5,7 cm), con colori c...
 <./image/3D4Amb_1.png> <./image/3D4Amb_2.png>]
<image/anaglifo.jpg, id=221, 220.825pt x 229.85875pt>
File: image/anaglifo.jpg Graphic file (type jpg)
<use image/anaglifo.jpg>
Package pdftex.def Info: image/anaglifo.jpg  used on input line 166.
(pdftex.def)             Requested size: 241.49895pt x 251.38983pt.
 [12
pdfTeX warning (ext4): destination with the same identifier (name{figure.9}) ha
s been already used, duplicate ignored
<argument> ...shipout:D \box_use:N \l_shipout_box 
                                                  \__shipout_drop_firstpage_...
l.170  \newpage
               
pdfTeX warning (ext4): destination with the same identifier (name{figure.10}) h
as been already used, duplicate ignored
<argument> ...shipout:D \box_use:N \l_shipout_box 
                                                  \__shipout_drop_firstpage_...
l.170  \newpage
                <./image/occhiali_anaglifici.png (PNG copy)> <./image/anaglifo.
jpg>]
<image/active-shutter-3d-technology.png, id=230, 507.8975pt x 292.09125pt>
File: image/active-shutter-3d-technology.png Graphic file (type png)
<use image/active-shutter-3d-technology.png>
Package pdftex.def Info: image/active-shutter-3d-technology.png  used on input 
line 175.
(pdftex.def)             Requested size: 276.00105pt x 158.73418pt.

Overfull \hbox (1.75479pt too wide) in paragraph at lines 188--189
\T1/cmr/m/n/10 agevolando quindi l'estensione del sis-tema, ag-giun-gendo nuove
 ap-pli-cazione
 []

[13
pdfTeX warning (ext4): destination with the same identifier (name{figure.11}) h
as been already used, duplicate ignored
<argument> ...shipout:D \box_use:N \l_shipout_box 
                                                  \__shipout_drop_firstpage_...
l.190     \newpage
                   <./image/active-shutter-3d-technology.png (PNG copy)>]
[14]
<image/gamepad.jpg, id=244, 803.0pt x 602.25pt>
File: image/gamepad.jpg Graphic file (type jpg)
<use image/gamepad.jpg>
Package pdftex.def Info: image/gamepad.jpg  used on input line 203.
(pdftex.def)             Requested size: 276.00105pt x 207.00455pt.

Overfull \hbox (1.69312pt too wide) in paragraph at lines 217--219
\T1/cmr/m/n/10 bud-get ri-dotto, fatto cru-ciale, visto che si parla prin-ci-pa
l-mente di un'applicazione
 []

[15
pdfTeX warning (ext4): destination with the same identifier (name{figure.12}) h
as been already used, duplicate ignored
<argument> ...shipout:D \box_use:N \l_shipout_box 
                                                  \__shipout_drop_firstpage_...
l.219     \subsubsection
                        {Unity 3D}\label{unity3D} <./image/gamepad.jpg>]
<image/unity.png, id=253, 1394.96156pt x 947.03813pt>
File: image/unity.png Graphic file (type png)
<use image/unity.png>
Package pdftex.def Info: image/unity.png  used on input line 231.
(pdftex.def)             Requested size: 276.00105pt x 187.36673pt.

[16
pdfTeX warning (ext4): destination with the same identifier (name{figure.13}) h
as been already used, duplicate ignored
<argument> ...shipout:D \box_use:N \l_shipout_box 
                                                  \__shipout_drop_firstpage_...
l.240     \subsubsection
                        {Visual code} <./image/unity.png>]
<image/visual_code.png, id=261, 1156.32pt x 649.2255pt>
File: image/visual_code.png Graphic file (type png)
<use image/visual_code.png>
Package pdftex.def Info: image/visual_code.png  used on input line 247.
(pdftex.def)             Requested size: 276.00105pt x 154.95544pt.

Overfull \hbox (18.97034pt too wide) in paragraph at lines 251--252
[]\T1/cmr/m/n/10 Le es-ten-sioni uti-liz-zate in questo pro-getto riguardano pr
in-ci-pal-mente l'interazione
 []


Overfull \hbox (0.44955pt too wide) in paragraph at lines 253--254
[]\T1/cmr/m/n/10 Unity code snip-pets, us-ato per in-tro-durre l'auto com-ple-t
a-mento di porzioni
 []

<image/Pr_trasparenza.png, id=262, 452.892pt x 227.04825pt>
File: image/Pr_trasparenza.png Graphic file (type png)
<use image/Pr_trasparenza.png>
Package pdftex.def Info: image/Pr_trasparenza.png  used on input line 263.
(pdftex.def)             Requested size: 276.00105pt x 138.37103pt.
[17
pdfTeX warning (ext4): destination with the same identifier (name{figure.14}) h
as been already used, duplicate ignored
<argument> ...shipout:D \box_use:N \l_shipout_box 
                                                  \__shipout_drop_firstpage_...
l.266     \end{figure}
                       <./image/visual_code.png>]
<image/target_score.png, id=270, 440.847pt x 224.037pt>
File: image/target_score.png Graphic file (type png)
<use image/target_score.png>
Package pdftex.def Info: image/target_score.png  used on input line 273.
(pdftex.def)             Requested size: 241.49895pt x 122.72845pt.
 [18
pdfTeX warning (ext4): destination with the same identifier (name{figure.15}) h
as been already used, duplicate ignored
<argument> ...shipout:D \box_use:N \l_shipout_box 
                                                  \__shipout_drop_firstpage_...
l.277 
       <./image/Pr_trasparenza.png>]
Overfull \hbox (8.28098pt too wide) in paragraph at lines 283--284
[]\T1/cmr/m/n/10 Scudo in Movi-mento, mostrato in fig:[]17[], carat-ter-iz-zato
 dal fatto che l'oggetto
 []

<image/target_movimento.png, id=281, 483.60675pt x 269.20575pt>
File: image/target_movimento.png Graphic file (type png)
<use image/target_movimento.png>
Package pdftex.def Info: image/target_movimento.png  used on input line 287.
(pdftex.def)             Requested size: 241.49895pt x 134.43411pt.
<image/protot.png, id=283, 501.072pt x 298.716pt>
File: image/protot.png Graphic file (type png)
<use image/protot.png>
Package pdftex.def Info: image/protot.png  used on input line 298.
(pdftex.def)             Requested size: 276.00105pt x 164.54044pt.
[19
pdfTeX warning (ext4): destination with the same identifier (name{figure.16}) h
as been already used, duplicate ignored
<argument> ...shipout:D \box_use:N \l_shipout_box 
                                                  \__shipout_drop_firstpage_...
l.301         \end{figure}
                          
pdfTeX warning (ext4): destination with the same identifier (name{figure.17}) h
as been already used, duplicate ignored
<argument> ...shipout:D \box_use:N \l_shipout_box 
                                                  \__shipout_drop_firstpage_...
l.301         \end{figure}
                           <./image/target_score.png> <./image/target_movimento
.png>]
<image/gamepad_tasti.jpg, id=296, 578.16pt x 462.528pt>
File: image/gamepad_tasti.jpg Graphic file (type jpg)
<use image/gamepad_tasti.jpg>
Package pdftex.def Info: image/gamepad_tasti.jpg  used on input line 323.
(pdftex.def)             Requested size: 276.00105pt x 220.797pt.

Underfull \hbox (badness 10000) in paragraph at lines 312--326

 []

[20
pdfTeX warning (ext4): destination with the same identifier (name{figure.18}) h
as been already used, duplicate ignored
<argument> ...shipout:D \box_use:N \l_shipout_box 
                                                  \__shipout_drop_firstpage_...
l.326      \end{figure}
                        <./image/protot.png>] [21
pdfTeX warning (ext4): destination with the same identifier (name{figure.19}) h
as been already used, duplicate ignored
<argument> ...shipout:D \box_use:N \l_shipout_box 
                                                  \__shipout_drop_firstpage_...
l.343      	\item S
                   elezionare:\textit{Tasto quadrato} <./image/gamepad_tasti.jp
g>]
<image/menu_scena.png, id=312, 654.64575pt x 260.172pt>
File: image/menu_scena.png Graphic file (type png)
<use image/menu_scena.png>
Package pdftex.def Info: image/menu_scena.png  used on input line 350.
(pdftex.def)             Requested size: 276.00105pt x 109.69229pt.

Underfull \hbox (badness 10000) in paragraph at lines 345--353

 []

<image/menu_simulatore.png, id=314, 437.83575pt x 211.38976pt>
File: image/menu_simulatore.png Graphic file (type png)
<use image/menu_simulatore.png>
Package pdftex.def Info: image/menu_simulatore.png  used on input line 357.
(pdftex.def)             Requested size: 276.00105pt x 133.2601pt.
[22
pdfTeX warning (ext4): destination with the same identifier (name{figure.20}) h
as been already used, duplicate ignored
<argument> ...shipout:D \box_use:N \l_shipout_box 
                                                  \__shipout_drop_firstpage_...
l.362     \subsubsection
                        {Fase di sviluppo}
pdfTeX warning (ext4): destination with the same identifier (name{figure.21}) h
as been already used, duplicate ignored
<argument> ...shipout:D \box_use:N \l_shipout_box 
                                                  \__shipout_drop_firstpage_...
l.362     \subsubsection
                        {Fase di sviluppo} <./image/menu_scena.png> <./image/me
nu_simulatore.png>]
<image/script_character.png, id=330, 290.88675pt x 121.6545pt>
File: image/script_character.png Graphic file (type png)
<use image/script_character.png>
Package pdftex.def Info: image/script_character.png  used on input line 383.
(pdftex.def)             Requested size: 276.00105pt x 115.43188pt.
 [23]
<image/mappa.png, id=345, 576.35326pt x 367.3725pt>
File: image/mappa.png Graphic file (type png)
<use image/mappa.png>
Package pdftex.def Info: image/mappa.png  used on input line 402.
(pdftex.def)             Requested size: 276.00105pt x 175.92757pt.
 [24
pdfTeX warning (ext4): destination with the same identifier (name{figure.22}) h
as been already used, duplicate ignored
<argument> ...shipout:D \box_use:N \l_shipout_box 
                                                  \__shipout_drop_firstpage_...
l.406     \subsection
                     {Problemi} <./image/script_character.png>]
<image/low_hight.jpg, id=354, 803.0pt x 435.6275pt>
File: image/low_hight.jpg Graphic file (type jpg)
<use image/low_hight.jpg>
Package pdftex.def Info: image/low_hight.jpg  used on input line 410.
(pdftex.def)             Requested size: 276.00105pt x 149.73329pt.
 [25
pdfTeX warning (ext4): destination with the same identifier (name{figure.23}) h
as been already used, duplicate ignored
<argument> ...shipout:D \box_use:N \l_shipout_box 
                                                  \__shipout_drop_firstpage_...
l.417     \subsection
                     {Sviluppi futuri}
pdfTeX warning (ext4): destination with the same identifier (name{figure.24}) h
as been already used, duplicate ignored
<argument> ...shipout:D \box_use:N \l_shipout_box 
                                                  \__shipout_drop_firstpage_...
l.417     \subsection
                     {Sviluppi futuri} <./image/mappa.png> <./image/low_hight.j
pg>] [26] [27] (document.bbl
LaTeX Font Info:    Trying to load font information for T1+cmtt on input line 7
.

(C:\Users\Luca\AppData\Local\Programs\MiKTeX\tex/latex/base\t1cmtt.fd
File: t1cmtt.fd 2022/07/10 v2.5l Standard LaTeX font definitions
)
Underfull \hbox (badness 4647) in paragraph at lines 4--9
\T1/cmr/m/n/10 hood vi-sion prob-lems.  []$\T1/cmtt/m/n/10 https : / / www . un
iversaldesignstyle . com /
 []


Overfull \hbox (22.99554pt too wide) in paragraph at lines 4--9
\T1/cmtt/m/n/10 pediatric-[]vision-[]scanner-[]detects-[]early-[]childhood-[]vi
sion-[]problems/$[]\T1/cmr/m/n/10 .
 []


Underfull \hbox (badness 10000) in paragraph at lines 18--23
[]\T1/cmr/m/n/10 Fresnel Prism.  Bangerter oc-clu-sion foils.  []$\T1/cmtt/m/n/
10 https : / /
 []


Underfull \hbox (badness 10000) in paragraph at lines 18--23
\T1/cmtt/m/n/10 www . fresnel-[]prism . com / product / professional-[]products
 /
 []


Underfull \hbox (badness 10000) in paragraph at lines 18--23
\T1/cmtt/m/n/10 professional-[]bangerter-[]occlusion-[]foils / professional-[]f
oils /
 []


Underfull \hbox (badness 1406) in paragraph at lines 25--31
[]\T1/cmr/m/n/10 ELISE REUTER.  Startup test-ing video-based treat-ment for `la
zy
 []


Underfull \hbox (badness 3780) in paragraph at lines 25--31
\T1/cmr/m/n/10 eye' touts phase 3 re-sults.  []$\T1/cmtt/m/n/10 https : / / med
citynews . com / 2021 / 09 /
 []


Overfull \hbox (66.98529pt too wide) in paragraph at lines 25--31
\T1/cmtt/m/n/10 startup-[]testing-[]video-[]based-[]treatment-[]for-[]lazy-[]ey
e-[]touts-[]phase-[]3-[]results/$[]\T1/cmr/m/n/10 .
 []


Underfull \hbox (badness 10000) in paragraph at lines 39--43
[]\T1/cmr/m/n/10 wikipedia.  Stereo-sco-pio.  []$\T1/cmtt/m/n/10 https : / / it
 . wikipedia . org / wiki /
 []


Underfull \hbox (badness 10000) in paragraph at lines 45--50
\T1/cmtt/m/n/10 it / che-[]cose-[]google-[]cardboard-[]come-[]funziona-[]google
-[]cardboard/$[]\T1/cmr/m/n/10 .
 []


Underfull \hbox (badness 4048) in paragraph at lines 77--81
[]\T1/cmr/m/n/10 Alexia Simard.  Ps4 con-troller.  []$\T1/cmtt/m/n/10 https : /
 / dribbble . com / shots /
 []


Underfull \hbox (badness 10000) in paragraph at lines 89--93
[]\T1/cmr/m/n/10 wikipedia.  Stere-ogramma.  []$\T1/cmtt/m/n/10 https : / / it 
. wikipedia . org / wiki /
 []

[28]
Underfull \hbox (badness 10000) in paragraph at lines 109--114
\T1/cmtt/m/n/10 com / packages / 3d / props / exterior / mobile-[]wooden-[]fenc
es-[]54772$[]\T1/cmr/m/n/10 .
 []

) [29] (document.aux)
Package rerunfilecheck Info: File `document.out' has not changed.
(rerunfilecheck)             Checksum: 774E42371C94DD50BD931F9F10D1AEEF;2929.
 ) 
Here is how much of TeX's memory you used:
 9033 strings out of 476339
 146638 string characters out of 5788591
 1864340 words of memory out of 5000000
 29223 multiletter control sequences out of 15000+600000
 524054 words of font info for 54 fonts, out of 8000000 for 9000
 1141 hyphenation exceptions out of 8191
 75i,7n,76p,537b,547s stack positions out of 10000i,1000n,20000p,200000b,200000s
 <C:\Users\Luca\AppData\Local\MiKTeX\fonts/pk/ljfour/jknappen/ec/dpi600\ectt1
000.pk> <C:\Users\Luca\AppData\Local\MiKTeX\fonts/pk/ljfour/jknappen/ec/dpi600\
ecti1000.pk> <C:\Users\Luca\AppData\Local\MiKTeX\fonts/pk/ljfour/jknappen/ec/dp
i600\tcrm1000.pk> <C:\Users\Luca\AppData\Local\MiKTeX\fonts/pk/ljfour/jknappen/
ec/dpi600\ecbx1200.pk> <C:\Users\Luca\AppData\Local\MiKTeX\fonts/pk/ljfour/jkna
ppen/ec/dpi600\ecrm0900.pk> <C:\Users\Luca\AppData\Local\MiKTeX\fonts/pk/ljfour
/jknappen/ec/dpi600\ecbx0900.pk> <C:\Users\Luca\AppData\Local\MiKTeX\fonts/pk/l
jfour/jknappen/ec/dpi600\ecrm1000.pk> <C:\Users\Luca\AppData\Local\MiKTeX\fonts
/pk/ljfour/jknappen/ec/dpi600\ecbx1000.pk> <C:\Users\Luca\AppData\Local\MiKTeX\
fonts/pk/ljfour/jknappen/ec/dpi600\ecbx1440.pk> <C:\Users\Luca\AppData\Local\Mi
KTeX\fonts/pk/ljfour/jknappen/ec/dpi600\ecrm1200.pk> <C:\Users\Luca\AppData\Loc
al\MiKTeX\fonts/pk/ljfour/jknappen/ec/dpi600\ecrm1728.pk>
Output written on document.pdf (29 pages, 3756969 bytes).
PDF statistics:
 794 PDF objects out of 1000 (max. 8388607)
 100 named destinations out of 1000 (max. 500000)
 305 words of extra memory for PDF output out of 10000 (max. 10000000)

